<?xml version="1.0" encoding="UTF-8"?>
<!-- Generated by org.testng.reporters.JUnitXMLReporter -->
<testsuite ignored="0" hostname="DESKTOP-GNQSU11" failures="0" tests="2" name="AutomationFrameWork_Project" time="13.468" errors="0" timestamp="2024-06-27T21:10:23 NPT">
  <testcase classname="tutorialninjatestcases.Login" name="verifyLoginwithInvalidCredentials" time="6.583"/>
  <testcase classname="tutorialninjatestcases.Login" name="verifyLoginwithValidCredentials" time="6.785"/>
</testsuite> <!-- AutomationFrameWork_Project -->
