<?xml version="1.0" encoding="UTF-8"?>
<testng-results ignored="0" total="2" passed="2" failed="0" skipped="0">
  <reporter-output>
  </reporter-output>
  <suite started-at="2024-06-27T21:10:09 NPT" name="Default Suite" finished-at="2024-06-27T21:10:23 NPT" duration-ms="13468">
    <groups>
    </groups>
    <test started-at="2024-06-27T21:10:09 NPT" name="AutomationFrameWork_Project" finished-at="2024-06-27T21:10:23 NPT" duration-ms="13468">
      <class name="tutorialninjatestcases.Login">
        <test-method signature="verifyLoginwithInvalidCredentials()[pri:0, instance:tutorialninjatestcases.Login@6ab7a896]" started-at="2024-06-27T21:10:09 NPT" name="verifyLoginwithInvalidCredentials" finished-at="2024-06-27T21:10:16 NPT" duration-ms="6583" status="PASS">
          <reporter-output>
          </reporter-output>
        </test-method> <!-- verifyLoginwithInvalidCredentials -->
        <test-method signature="verifyLoginwithValidCredentials()[pri:0, instance:tutorialninjatestcases.Login@6ab7a896]" started-at="2024-06-27T21:10:16 NPT" name="verifyLoginwithValidCredentials" finished-at="2024-06-27T21:10:23 NPT" duration-ms="6785" status="PASS">
          <reporter-output>
          </reporter-output>
        </test-method> <!-- verifyLoginwithValidCredentials -->
      </class> <!-- tutorialninjatestcases.Login -->
    </test> <!-- AutomationFrameWork_Project -->
  </suite> <!-- Default Suite -->
</testng-results>
