<?xml version="1.0" encoding="UTF-8"?>
<testng-results ignored="0" total="1" passed="1" failed="0" skipped="0">
  <reporter-output>
  </reporter-output>
  <suite started-at="2024-06-27T20:51:54 NPT" name="Default Suite" finished-at="2024-06-27T20:52:03 NPT" duration-ms="8841">
    <groups>
    </groups>
    <test started-at="2024-06-27T20:51:54 NPT" name="AutomationFrameWork_Project" finished-at="2024-06-27T20:52:03 NPT" duration-ms="8841">
      <class name="tutorialninjatestcases.Login">
        <test-method signature="verifyLoginwithValidCredentials()[pri:0, instance:tutorialninjatestcases.Login@6107227e]" started-at="2024-06-27T20:51:54 NPT" name="verifyLoginwithValidCredentials" finished-at="2024-06-27T20:52:03 NPT" duration-ms="8744" status="PASS">
          <reporter-output>
          </reporter-output>
        </test-method> <!-- verifyLoginwithValidCredentials -->
      </class> <!-- tutorialninjatestcases.Login -->
    </test> <!-- AutomationFrameWork_Project -->
  </suite> <!-- Default Suite -->
</testng-results>
